android/app/proguard-rules.pro
-keep class com.liveasy.liveasy.BuildConfig { *; }