android/app/build/outputs/mapping/release/seeds.txt
com.liveasy.liveasy.BuildConfig: java.lang.String idfyKey_id
com.liveasy.liveasy.BuildConfig: java.lang.String traccarApi
com.liveasy.liveasy.BuildConfig: java.lang.String oneSignalAppId
com.liveasy.liveasy.BuildConfig: java.lang.String mapKey
com.liveasy.liveasy.BuildConfig: java.lang.String loadApiUrl
com.liveasy.liveasy.BuildConfig: java.lang.String buyGPSApiUrl
com.liveasy.liveasy.BuildConfig: BuildConfig()
com.liveasy.liveasy.BuildConfig: java.lang.String idfyAccountId
com.liveasy.liveasy.BuildConfig: java.lang.String VERSION_NAME
com.liveasy.liveasy.BuildConfig: java.lang.String rapidKey
com.liveasy.liveasy.BuildConfig: java.lang.String traccarPass
com.liveasy.liveasy.BuildConfig: java.lang.String shipperApiUrl
com.liveasy.liveasy.BuildConfig: java.lang.String gpsApiUrl
com.liveasy.liveasy.BuildConfig: java.lang.String idfySecret_Key
com.liveasy.liveasy.BuildConfig: java.lang.String routeDataApiUrl
com.liveasy.liveasy.BuildConfig: java.lang.String driverApiUrl
com.liveasy.liveasy.BuildConfig: java.lang.String traccarUser
com.liveasy.liveasy.BuildConfig: java.lang.String APPLICATION_ID
com.liveasy.liveasy.BuildConfig: java.lang.String shareUrl
com.liveasy.liveasy.BuildConfig: java.lang.String truckApiUrl
com.liveasy.liveasy.BuildConfig
com.liveasy.liveasy.BuildConfig: java.lang.String documentApiUrl
com.liveasy.liveasy.BuildConfig: java.lang.String mapKeyNew
com.liveasy.liveasy.BuildConfig: java.lang.String BUILD_TYPE
com.liveasy.liveasy.BuildConfig: java.lang.String bookingApiUrl
com.liveasy.liveasy.MainActivity
com.liveasy.liveasy.BuildConfig: java.lang.String idfyApiKey
com.liveasy.liveasy.BuildConfig: java.lang.String transporterApiUrl
com.liveasy.liveasy.BuildConfig: boolean DEBUG
com.liveasy.liveasy.BuildConfig: int VERSION_CODE
com.liveasy.liveasy.BuildConfig: java.lang.String webHookUrl
com.liveasy.liveasy.MainActivity: MainActivity()
com.liveasy.liveasy.BuildConfig: java.lang.String biddingApiUrl
com.liveasy.liveasy.BuildConfig: java.lang.String oneSignalApiKey
com.liveasy.liveasy.BuildConfig: java.lang.String mapKeyOld
com.liveasy.liveasy.BuildConfig: java.lang.String routeHistoryApiUrl
com.liveasy.liveasy.BuildConfig: java.lang.String idfyOu_id
...
com.dexterous.flutterlocalnotifications.models.NotificationChannelGroupDetails: java.lang.String DESCRIPTION
io.flutter.embedding.engine.FlutterJNI: void onVsync(long,long,long)
kotlinx.coroutines.JobCancellingNode
androidx.window.layout.SidecarWindowBackend$WindowLayoutChangeCallbackWrapper: java.util.concurrent.Executor executor
com.onesignal.shortcutbadger.impl.EverythingMeHomeBadger: EverythingMeHomeBadger()
org.threeten.bp.LocalDateTime: java.lang.Object writeReplace()
io.flutter.embedding.engine.FlutterJNI: void invokePlatformMessageResponseCallback(int,java.nio.ByteBuffer,int)
org.threeten.bp.OffsetDateTime: java.lang.Object writeReplace()
androidx.core.widget.CompoundButtonCompat$Api21Impl: void setButtonTintMode(android.widget.CompoundButton,android.graphics.PorterDuff$Mode)
com.google.android.gms.internal.measurement.zzgc: java.lang.String zzr
androidx.activity.ComponentActivity$5
com.onesignal.JobIntentService$CompatJobEngine
com.google.firebase.dynamiclinks.internal.FirebaseDynamicLinkRegistrar: FirebaseDynamicLinkRegistrar()
androidx.window.core.ExperimentalWindowApi
com.dexterous.flutterlocalnotifications.models.NotificationDetails: java.lang.Long parseLong(java.lang.Object)
org.threeten.bp.Duration
io.flutter.embedding.engine.FlutterJNI: void unregisterTexture(long)
androidx.core.view.ViewCompat$Api21Impl: void setTranslationZ(android.view.View,float)
com.google.android.gms.internal.firebase-auth-api.zzgm
io.flutter.view.FlutterCallbackInformation
androidx.core.view.ViewCompat$Api17Impl: int getLayoutDirection(android.view.View)
com.google.android.gms.internal.firebase-auth-api.zzkr: int zzf
com.google.android.gms.signin.internal.zaa: android.os.Parcelable$Creator CREATOR
androidx.window.layout.WindowInfoTracker$Companion: void reset()
androidx.window.embedding.SplitController$Companion: SplitController$Companion(kotlin.jvm.internal.DefaultConstructorMarker)
androidx.core.graphics.drawable.IconCompatParcelizer: IconCompatParcelizer()
com.dexterous.flutterlocalnotifications.models.NotificationChannelDetails: java.lang.String SOUND
com.google.firebase.provider.FirebaseInitProvider: FirebaseInitProvider()
androidx.window.layout.ActivityCompatHelperApi24: ActivityCompatHelperApi24()
kotlin.jvm.internal.CallableReference: java.lang.Object callBy(java.util.Map)
com.google.firebase.datatransport.TransportRegistrar: java.util.List getComponents()
androidx.media.AudioAttributesCompatParcelizer: AudioAttributesCompatParcelizer()
androidx.core.view.MenuItemCompat$Api26Impl: android.content.res.ColorStateList getIconTintList(android.view.MenuItem)
kotlinx.coroutines.android.AndroidDispatcherFactory: AndroidDispatcherFactory()
com.google.android.gms.measurement.internal.AppMeasurementDynamiteService: void setMeasurementEnabled(boolean,long)
com.onesignal.JobIntentService$CommandProcessor
com.google.firebase.auth.GoogleAuthCredential: android.os.Parcelable$Creator CREATOR
androidx.core.app.ActivityCompat$Api23Impl: boolean shouldShowRequestPermissionRationale(android.app.Activity,java.lang.String)
android.support.v4.media.AudioAttributesImplBaseParcelizer: void write(androidx.media.AudioAttributesImplBase,androidx.versionedparcelable.VersionedParcel)
androidx.core.view.ViewCompat$Api29Impl: void setSystemGestureExclusionRects(android.view.View,java.util.List)
kotlinx.coroutines.channels.AbstractChannel$ReceiveHasNext
com.onesignal.flutter.OneSignalPlugin: void onOSEmailSubscriptionChanged(com.onesignal.OSEmailSubscriptionStateChanges)
com.google.android.gms.internal.firebase-auth-api.zzgy
com.dexterous.flutterlocalnotifications.models.PersonDetails: java.lang.String uri
kotlin.jvm.internal.FunctionReference: boolean isExternal()
io.flutter.plugins.firebase.messaging.FlutterFirebaseMessagingReceiver: FlutterFirebaseMessagingReceiver()
io.flutter.plugin.editing.ImeSyncDeferringInsetsCallback: boolean animating