android/app/build/outputs/mapping/release/usage.txt
com.liveasy.liveasy.requestsCellInfo.Cell
com.liveasy.liveasy.R$raw
com.liveasy.liveasy.R$animator
com.liveasy.liveasy.R$style
com.liveasy.liveasy.R$dimen
com.liveasy.liveasy.R
com.liveasy.liveasy.requestsCellInfo.RadioType
com.liveasy.liveasy.R$integer
com.liveasy.liveasy.R$drawable
com.liveasy.liveasy.R$interpolator
com.liveasy.liveasy.R$attr
com.liveasy.liveasy.R$id
com.liveasy.liveasy.R$bool
com.liveasy.liveasy.R$anim
com.liveasy.liveasy.R$xml
com.liveasy.liveasy.R$mipmap
com.liveasy.liveasy.R$string
com.liveasy.liveasy.R$color
com.liveasy.liveasy.R$layout
com.liveasy.liveasy.requestsCellInfo.CellInfo
com.liveasy.liveasy.R$styleable
...
com.google.common.io.AppendableWriter
com.google.android.gms.maps.zzak
kotlin.Result:
    public static synthetic void getValue$annotations()
    private static final java.lang.Object getOrNull-impl(java.lang.Object)
    public static java.lang.String toString-impl(java.lang.Object)
    public static int hashCode-impl(java.lang.Object)
    public static boolean equals-impl(java.lang.Object,java.lang.Object)
    private synthetic void <init>(java.lang.Object)
    public static final synthetic kotlin.Result box-impl(java.lang.Object)
    public static final boolean equals-impl0(java.lang.Object,java.lang.Object)
    public java.lang.String toString()
    public int hashCode()
    public boolean equals(java.lang.Object)
    public final synthetic java.lang.Object unbox-impl()
    private final java.lang.Object value
io.flutter.embedding.engine.systemchannels.PlatformChannel$SoundType:
    public static io.flutter.embedding.engine.systemchannels.PlatformChannel$SoundType valueOf(java.lang.String)
com.google.android.gms.internal.auth.zzfg
androidx.appcompat.view.StandaloneActionMode:
    public void onCloseMenu(androidx.appcompat.view.menu.MenuBuilder,boolean)
    public boolean onSubMenuSelected(androidx.appcompat.view.menu.SubMenuBuilder)
    public void onCloseSubMenu(androidx.appcompat.view.menu.SubMenuBuilder)
    public boolean isUiFocusable()
io.flutter.plugin.common.PluginRegistry
com.google.firebase.database.android.-$$Lambda$AndroidAppCheckTokenProvider$60vFfzkhuN4dN7asQDMFpqCxmE0:
    public final void onAppCheckTokenChanged(com.google.firebase.appcheck.AppCheckTokenResult)
com.google.firebase.messaging.-$$Lambda$FirebaseMessaging$Uyx38-Jmg4xvTvNieX_4Y_cQnyc:
    public final void onNewToken(java.lang.String)
kotlinx.coroutines.scheduling.ExperimentalCoroutineDispatcher:
    public void <init>(int,int,long,java.lang.String)
    public void <init>(int,int,java.lang.String)
    private final kotlinx.coroutines.scheduling.CoroutineScheduler createScheduler()
    public void close()
    public java.lang.String toString()
androidx.core.widget.TextViewOnReceiveContentListener:
    private static java.lang.CharSequence coerceToText(android.content.Context,android.content.ClipData$Item,int)
    private static void replaceSelection(android.text.Editable,java.lang.CharSequence)
com.google.android.gms.internal.measurement.zzkf
kotlin.collections.EmptyIterator:
    public java.lang.Void next()
    public java.lang.Void previous()
    public void add()
    public void set()
com.google.android.gms.common.internal.zap:
    final synthetic com.google.android.gms.common.internal.zas zad
androidx.work.impl.background.systemalarm.SystemAlarmDispatcher$CommandsCompletedListener:
    public abstract void onAllCommandsCompleted()
androidx.vectordrawable.graphics.drawable.VectorDrawableCompat$VClipPath:
    private void updateStateFromTypedArray(android.content.res.TypedArray,org.xmlpull.v1.XmlPullParser)
    public void inflate(android.content.res.Resources,android.util.AttributeSet,android.content.res.Resources$Theme,org.xmlpull.v1.XmlPullParser)
com.baseflow.geolocator.permission.LocationPermission:
    public static com.baseflow.geolocator.permission.LocationPermission[] values()
androidx.core.view.accessibility.AccessibilityViewCommand$MoveHtmlArguments
kotlinx.coroutines.internal.ExceptionsConstuctorKt$createConstructor$$inlined$safeCtor$4
androidx.fragment.R$styleable:
    public static final int[] ColorStateListItem
    public static final int[] FontFamily
    public static final int[] FontFamilyFont
    public static final int Fragment_android_name
    public static final int Fragment_android_id
    public static final int Fragment_android_tag
    public static final int FragmentContainerView_android_name
    public static final int FragmentContainerView_android_tag
    public static final int[] GradientColor
    public static final int[] GradientColorItem